<?xml version="1.0" encoding="UTF-8"?>
<testsuite name="AverageTests" tests="1" skipped="0" failures="0" errors="0" timestamp="2023-09-15T22:19:55" hostname="MacBook-Air-de-Nestor.local" time="0.002">
  <properties/>
  <testcase name="testSolution" classname="AverageTests" time="0.002"/>
  <system-out><![CDATA[]]></system-out>
  <system-err><![CDATA[]]></system-err>
</testsuite>
